<?xml version="1.0" encoding="UTF-8"?>
<testng-results ignored="0" total="1" passed="1" failed="0" skipped="0">
  <reporter-output>
  </reporter-output>
  <suite started-at="2023-07-25T21:30:18 IST" name="Default suite" finished-at="2023-07-25T21:30:19 IST" duration-ms="945">
    <groups>
      <group name="cucumber">
        <method signature="AbstractTestNGCucumberTests.runScenario(io.cucumber.testng.PickleWrapper,io.cucumber.testng.FeatureWrapper)[pri:0, instance:runner.orderrunner@74d1dc36]" name="runScenario" class="io.cucumber.testng.AbstractTestNGCucumberTests"/>
      </group> <!-- cucumber -->
    </groups>
    <test started-at="2023-07-25T21:30:18 IST" name="Default test" finished-at="2023-07-25T21:30:19 IST" duration-ms="945">
      <class name="runner.orderrunner">
        <test-method is-config="true" signature="setUpClass(org.testng.ITestContext)[pri:0, instance:runner.orderrunner@74d1dc36]" started-at="2023-07-25T21:30:18 IST" name="setUpClass" finished-at="2023-07-25T21:30:19 IST" duration-ms="537" status="PASS">
          <params>
            <param index="0">
              <value>
                <![CDATA[org.testng.TestRunner@f74e835]]>
              </value>
            </param>
          </params>
          <reporter-output>
          </reporter-output>
        </test-method> <!-- setUpClass -->
        <test-method signature="runScenario(io.cucumber.testng.PickleWrapper,io.cucumber.testng.FeatureWrapper)[pri:0, instance:runner.orderrunner@74d1dc36]" started-at="2023-07-25T21:30:19 IST" name="runScenario" description="Runs Cucumber Scenarios" data-provider="scenarios" finished-at="2023-07-25T21:30:19 IST" duration-ms="196" status="PASS">
          <params>
            <param index="0">
              <value>
                <![CDATA["previous  order"]]>
              </value>
            </param>
            <param index="1">
              <value>
                <![CDATA["order fun"]]>
              </value>
            </param>
          </params>
          <reporter-output>
          </reporter-output>
        </test-method> <!-- runScenario -->
        <test-method is-config="true" signature="tearDownClass()[pri:0, instance:runner.orderrunner@74d1dc36]" started-at="2023-07-25T21:30:19 IST" name="tearDownClass" finished-at="2023-07-25T21:30:19 IST" duration-ms="6" status="PASS">
          <reporter-output>
          </reporter-output>
        </test-method> <!-- tearDownClass -->
      </class> <!-- runner.orderrunner -->
    </test> <!-- Default test -->
  </suite> <!-- Default suite -->
</testng-results>
